#
# There is insufficient memory for the Java Runtime Environment to continue.
# Native memory allocation (mmap) failed to map 268435456 bytes for Failed to commit area from 0x0000000701e00000 to 0x0000000711e00000 of length 268435456.
# Possible reasons:
#   The system is out of physical RAM or swap space
#   The process is running with CompressedOops enabled, and the Java Heap may be blocking the growth of the native heap
# Possible solutions:
#   Reduce memory load on the system
#   Increase physical memory or swap space
#   Check if swap backing store is full
#   Decrease Java heap size (-Xmx/-Xms)
#   Decrease number of Java threads
#   Decrease Java thread stack sizes (-Xss)
#   Set larger code cache with -XX:ReservedCodeCacheSize=
# This output file may be truncated or incomplete.
#
#  Out of Memory Error (./open/src/hotspot/os/windows/os_windows.cpp:3273), pid=4100, tid=12396
#
# JRE version:  (11.0.10+8) (build )
# Java VM: Java HotSpot(TM) 64-Bit Server VM (11.0.10+8-LTS-162, mixed mode, sharing, tiered, compressed oops, g1 gc, windows-amd64)
# No core dump will be written. Minidumps are not enabled by default on client versions of Windows
#

---------------  S U M M A R Y ------------

Command Line: -XX:TieredStopAtLevel=1 -Xverify:none -Dspring.output.ansi.enabled=always -javaagent:C:\Program Files\JetBrains\IntelliJ IDEA 2021.1.2\lib\idea_rt.jar=64404:C:\Program Files\JetBrains\IntelliJ IDEA 2021.1.2\bin -Dcom.sun.management.jmxremote -Dspring.jmx.enabled=true -Dspring.liveBeansView.mbeanDomain -Dspring.application.admin.enabled=true -Dfile.encoding=UTF-8 com.example.carryapp.CarryappApplication

Host: Intel(R) Core(TM) i7-8750H CPU @ 2.20GHz, 12 cores, 15G,  Windows 10 , 64 bit Build 22000 (10.0.22000.434)
Time: Wed Feb 16 18:51:32 2022 Nepal Standard Time elapsed time: 0.024147 seconds (0d 0h 0m 0s)

---------------  T H R E A D  ---------------

Current thread (0x0000020b3a94e000):  JavaThread "Unknown thread" [_thread_in_vm, id=12396, stack(0x000000f302e00000,0x000000f302f00000)]

Stack: [0x000000f302e00000,0x000000f302f00000]
Native frames: (J=compiled Java code, j=interpreted, Vv=VM code, C=native code)
V  [jvm.dll+0x613e6a]
V  [jvm.dll+0x74c1ff]
V  [jvm.dll+0x74d885]
V  [jvm.dll+0x74df03]
V  [jvm.dll+0x243b78]
V  [jvm.dll+0x61125a]
V  [jvm.dll+0x606165]
V  [jvm.dll+0x2f85fc]
V  [jvm.dll+0x2f8482]
V  [jvm.dll+0x2fd136]
V  [jvm.dll+0x33f6bf]
V  [jvm.dll+0x33f0f0]
V  [jvm.dll+0x2d5d08]
V  [jvm.dll+0x2d6e66]
V  [jvm.dll+0x727d17]
V  [jvm.dll+0x7295bf]
V  [jvm.dll+0x34c4a9]
V  [jvm.dll+0x70d6b0]
V  [jvm.dll+0x3b584f]
V  [jvm.dll+0x3b7951]
C  [jli.dll+0x520b]
C  [ucrtbase.dll+0x26c0c]
C  [KERNEL32.DLL+0x154e0]
C  [ntdll.dll+0x485b]


---------------  P R O C E S S  ---------------

Threads class SMR info:
_java_thread_list=0x0000020b38715150, length=0, elements={
}

Java Threads: ( => current thread )

Other Threads:
  0x0000020b3a963000 GCTaskThread "GC Thread#0" [stack: 0x000000f303000000,0x000000f303100000] [id=11824]
  0x0000020b3a9bf000 ConcurrentGCThread "G1 Main Marker" [stack: 0x000000f303100000,0x000000f303200000] [id=14252]
  0x0000020b3a9c2800 ConcurrentGCThread "G1 Conc#0" [stack: 0x000000f303200000,0x000000f303300000] [id=5936]

[error occurred during error reporting (printing all threads), id 0xc0000005, EXCEPTION_ACCESS_VIOLATION (0xc0000005) at pc=0x00007fffc1dd4f57]

VM state:not at safepoint (not fully initialized)

VM Mutex/Monitor currently owned by a thread:  ([mutex/lock_event])
[0x0000020b3a949e50] Heap_lock - owner thread: 0x0000020b3a94e000

Heap address: 0x0000000701e00000, size: 4066 MB, Compressed Oops mode: Non-zero based: 0x0000000701e00000
Narrow klass base: 0x0000000000000000, Narrow klass shift: 0

GC Heap History (0 events):
No events

Deoptimization events (0 events):
No events

Classes redefined (0 events):
No events

Internal exceptions (0 events):
No events

Events (0 events):
No events


Dynamic libraries:
0x00007ff60ac30000 - 0x00007ff60ac3f000 	C:\Program Files\Java\jdk-11.0.10\bin\java.exe
0x00007ff81cdc0000 - 0x00007ff81cfc9000 	C:\WINDOWS\SYSTEM32\ntdll.dll
0x00007ff81bed0000 - 0x00007ff81bf8d000 	C:\WINDOWS\System32\KERNEL32.DLL
0x00007ff81a710000 - 0x00007ff81aa84000 	C:\WINDOWS\System32\KERNELBASE.dll
0x00007ff81a5f0000 - 0x00007ff81a701000 	C:\WINDOWS\System32\ucrtbase.dll
0x00007ff800c40000 - 0x00007ff800c58000 	C:\Program Files\Java\jdk-11.0.10\bin\jli.dll
0x00007ff81bc90000 - 0x00007ff81bd3e000 	C:\WINDOWS\System32\ADVAPI32.dll
0x00007ff81c000000 - 0x00007ff81c0a3000 	C:\WINDOWS\System32\msvcrt.dll
0x00007ff81bd40000 - 0x00007ff81bdde000 	C:\WINDOWS\System32\sechost.dll
0x00007ff81c9c0000 - 0x00007ff81cae0000 	C:\WINDOWS\System32\RPCRT4.dll
0x00007ff81cbd0000 - 0x00007ff81cd7c000 	C:\WINDOWS\System32\USER32.dll
0x00007ff81a540000 - 0x00007ff81a566000 	C:\WINDOWS\System32\win32u.dll
0x00007ff81b270000 - 0x00007ff81b299000 	C:\WINDOWS\System32\GDI32.dll
0x00007ff81a420000 - 0x00007ff81a532000 	C:\WINDOWS\System32\gdi32full.dll
0x00007ff81aa90000 - 0x00007ff81ab2d000 	C:\WINDOWS\System32\msvcp_win.dll
0x00007ff800c20000 - 0x00007ff800c35000 	C:\Program Files\Java\jdk-11.0.10\bin\VCRUNTIME140.dll
0x00007ff8074e0000 - 0x00007ff807785000 	C:\WINDOWS\WinSxS\amd64_microsoft.windows.common-controls_6595b64144ccf1df_6.0.22000.120_none_9d947278b86cc467\COMCTL32.dll
0x00007ff813dc0000 - 0x00007ff813dca000 	C:\WINDOWS\SYSTEM32\VERSION.dll
0x00007ff81c230000 - 0x00007ff81c261000 	C:\WINDOWS\System32\IMM32.DLL
0x00007ffffbc90000 - 0x00007ffffbd2b000 	C:\Program Files\Java\jdk-11.0.10\bin\msvcp140.dll
0x00007fffc1af0000 - 0x00007fffc25eb000 	C:\Program Files\Java\jdk-11.0.10\bin\server\jvm.dll
0x00007ff81bf90000 - 0x00007ff81bf98000 	C:\WINDOWS\System32\PSAPI.DLL
0x00007ff801b10000 - 0x00007ff801b19000 	C:\WINDOWS\SYSTEM32\WSOCK32.dll
0x00007ff81c1c0000 - 0x00007ff81c22f000 	C:\WINDOWS\System32\WS2_32.dll
0x00007ff814840000 - 0x00007ff814873000 	C:\WINDOWS\SYSTEM32\WINMM.dll
0x00007ff8194a0000 - 0x00007ff8194b8000 	C:\WINDOWS\SYSTEM32\kernel.appcore.dll
0x00007ff807ac0000 - 0x00007ff807ad0000 	C:\Program Files\Java\jdk-11.0.10\bin\verify.dll
0x00007ff817e30000 - 0x00007ff818051000 	C:\WINDOWS\SYSTEM32\DBGHELP.DLL
0x00007ff8050f0000 - 0x00007ff805121000 	C:\WINDOWS\SYSTEM32\dbgcore.DLL
0x00007ff81a570000 - 0x00007ff81a5ef000 	C:\WINDOWS\System32\bcryptPrimitives.dll
0x00007ff800bf0000 - 0x00007ff800c18000 	C:\Program Files\Java\jdk-11.0.10\bin\java.dll
0x00007ff806100000 - 0x00007ff80610a000 	C:\Program Files\Java\jdk-11.0.10\bin\jimage.dll
0x00007ff805e80000 - 0x00007ff805e8e000 	C:\Program Files\Java\jdk-11.0.10\bin\instrument.dll
0x00007ff800710000 - 0x00007ff800726000 	C:\Program Files\Java\jdk-11.0.10\bin\zip.dll

dbghelp: loaded successfully - version: 4.0.5 - missing functions: none
symbol engine: initialized successfully - sym options: 0x614 - pdb path: .;C:\Program Files\Java\jdk-11.0.10\bin;C:\WINDOWS\SYSTEM32;C:\WINDOWS\WinSxS\amd64_microsoft.windows.common-controls_6595b64144ccf1df_6.0.22000.120_none_9d947278b86cc467;C:\Program Files\Java\jdk-11.0.10\bin\server

VM Arguments:
jvm_args: -XX:TieredStopAtLevel=1 -Xverify:none -Dspring.output.ansi.enabled=always -javaagent:C:\Program Files\JetBrains\IntelliJ IDEA 2021.1.2\lib\idea_rt.jar=64404:C:\Program Files\JetBrains\IntelliJ IDEA 2021.1.2\bin -Dcom.sun.management.jmxremote -Dspring.jmx.enabled=true -Dspring.liveBeansView.mbeanDomain -Dspring.application.admin.enabled=true -Dfile.encoding=UTF-8 
java_command: com.example.carryapp.CarryappApplication
java_class_path (initial): D:\Job basics\carryapp\target\classes;C:\Users\Lenovo\.m2\repository\org\springframework\boot\spring-boot-starter-jdbc\2.6.3\spring-boot-starter-jdbc-2.6.3.jar;C:\Users\Lenovo\.m2\repository\org\springframework\boot\spring-boot-starter\2.6.3\spring-boot-starter-2.6.3.jar;C:\Users\Lenovo\.m2\repository\org\springframework\boot\spring-boot\2.6.3\spring-boot-2.6.3.jar;C:\Users\Lenovo\.m2\repository\org\springframework\boot\spring-boot-autoconfigure\2.6.3\spring-boot-autoconfigure-2.6.3.jar;C:\Users\Lenovo\.m2\repository\org\springframework\boot\spring-boot-starter-logging\2.6.3\spring-boot-starter-logging-2.6.3.jar;C:\Users\Lenovo\.m2\repository\ch\qos\logback\logback-classic\1.2.10\logback-classic-1.2.10.jar;C:\Users\Lenovo\.m2\repository\ch\qos\logback\logback-core\1.2.10\logback-core-1.2.10.jar;C:\Users\Lenovo\.m2\repository\org\apache\logging\log4j\log4j-to-slf4j\2.17.1\log4j-to-slf4j-2.17.1.jar;C:\Users\Lenovo\.m2\repository\org\apache\logging\log4j\log4j-api\2.17.1\log4j-api-2.17.1.jar;C:\Users\Lenovo\.m2\repository\org\slf4j\jul-to-slf4j\1.7.33\jul-to-slf4j-1.7.33.jar;C:\Users\Lenovo\.m2\repository\jakarta\annotation\jakarta.annotation-api\1.3.5\jakarta.annotation-api-1.3.5.jar;C:\Users\Lenovo\.m2\repository\org\yaml\snakeyaml\1.29\snakeyaml-1.29.jar;C:\Users\Lenovo\.m2\repository\com\zaxxer\HikariCP\4.0.3\HikariCP-4.0.3.jar;C:\Users\Lenovo\.m2\repository\org\slf4j\slf4j-api\1.7.33\slf4j-api-1.7.33.jar;C:\Users\Lenovo\.m2\repository\org\springframework\spring-jdbc\5.3.15\spring-jdbc-5.3.15.jar;C:\Users\Lenovo\.m2\repository\org\springframework\spring-beans\5.3.15\spring-beans-5.3.15.jar;C:\Users\Lenovo\.m2\repository\org\springframework\spring-tx\5.3.15\spring-tx-5.3.15.jar;C:\Users\Lenovo\.m2\repository\org\springframework\boot\spring-boot-starter-web\2.6.3\spring-boot-starter-web-2.6.3.jar;C:\Users\Lenovo\.m2\repository\org\springframework\boot\spring-boot-starter-json\2.6.3\spring-boot-starter-json-2.6.3.jar;C:\Users\Lenovo\.m2\re
Launcher Type: SUN_STANDARD

[Global flags]
     bool BytecodeVerificationLocal                = false                                     {product} {command line}
     bool BytecodeVerificationRemote               = false                                     {product} {command line}
     intx CICompilerCount                          = 4                                         {product} {ergonomic}
     uint ConcGCThreads                            = 3                                         {product} {ergonomic}
     uint G1ConcRefinementThreads                  = 10                                        {product} {ergonomic}
   size_t G1HeapRegionSize                         = 1048576                                   {product} {ergonomic}
    uintx GCDrainStackTargetSize                   = 64                                        {product} {ergonomic}
   size_t InitialHeapSize                          = 268435456                                 {product} {ergonomic}
     bool ManagementServer                         = true                                      {product} {command line}
   size_t MarkStackSize                            = 4194304                                   {product} {ergonomic}
   size_t MaxHeapSize                              = 4263510016                                {product} {ergonomic}
   size_t MinHeapDeltaBytes                        = 1048576                                   {product} {ergonomic}
    uintx NonNMethodCodeHeapSize                   = 7549744                                {pd product} {ergonomic}
    uintx NonProfiledCodeHeapSize                  = 244108496                              {pd product} {ergonomic}
    uintx ProfiledCodeHeapSize                     = 0                                      {pd product} {ergonomic}
    uintx ReservedCodeCacheSize                    = 251658240                              {pd product} {ergonomic}
     bool SegmentedCodeCache                       = true                                      {product} {ergonomic}
     intx TieredStopAtLevel                        = 1                                         {product} {command line}
     bool UseCompressedClassPointers               = true                                 {lp64_product} {ergonomic}
     bool UseCompressedOops                        = true                                 {lp64_product} {ergonomic}
     bool UseG1GC                                  = true                                      {product} {ergonomic}
     bool UseLargePagesIndividualAllocation        = false                                  {pd product} {ergonomic}

Logging:
Log output configuration:
 #0: stdout all=warning uptime,level,tags
 #1: stderr all=off uptime,level,tags

Environment Variables:
JAVA_HOME=C:\Program Files\Java\jdk-15.0.1
PATH=C:\Program Files\Common Files\Oracle\Java\javapath;C:\Python39\Scripts\;C:\Python39\;D:\app\Lenovo\product\11.2.0\dbhome_1\bin;C:\WINDOWS\system32;C:\WINDOWS;C:\WINDOWS\System32\Wbem;C:\WINDOWS\System32\WindowsPowerShell\v1.0\;C:\WINDOWS\System32\OpenSSH\;C:\Program Files\jre64\bin;C:\Program Files\nodejs\;C:\ProgramData\chocolatey\bin;C:\Program Files\Java\jdk-15.0.1\bin;C:\Program Files\Git\cmd;C:\Program Files\PuTTY\;C:\Users\Lenovo\AppData\Local\Microsoft\WindowsApps;C:\Users\Lenovo\AppData\Roaming\npm;C:\Users\Lenovo\AppData\Local\Programs\Microsoft VS Code\bin;C:\Program Files\MongoDB\Server\4.4\bin\;C:\Program Files\MySQL\MySQL Server 8.0\bin;C:\Program Files (x86)\Sophos\Sophos SSL VPN Client\bin;
USERNAME=Lenovo
OS=Windows_NT
PROCESSOR_IDENTIFIER=Intel64 Family 6 Model 158 Stepping 10, GenuineIntel



---------------  S Y S T E M  ---------------

OS: Windows 10 , 64 bit Build 22000 (10.0.22000.434)

CPU:total 12 (initial active 12) (6 cores per cpu, 2 threads per core) family 6 model 158 stepping 10 microcode 0xde, cmov, cx8, fxsr, mmx, sse, sse2, sse3, ssse3, sse4.1, sse4.2, popcnt, avx, avx2, aes, clmul, erms, 3dnowpref, lzcnt, ht, tsc, tscinvbit, bmi1, bmi2, adx, fma

Memory: 4k page, system-wide physical 16257M (4888M free)
TotalPageFile size 31330M (AvailPageFile size 179M)
current process WorkingSet (physical memory assigned to process): 10M, peak: 10M
current process commit charge ("private bytes"): 62M, peak: 318M

vm_info: Java HotSpot(TM) 64-Bit Server VM (11.0.10+8-LTS-162) for windows-amd64 JRE (11.0.10+8-LTS-162), built on Dec  8 2020 16:32:57 by "mach5one" with MS VC++ 15.9 (VS2017)

END.
